INFO: [VRFC 10-2263] Analyzing Verilog file "/home/arthur/Documents/FPGA_master_class/project_and_non_project_mode/dotProductFifoFSM/axis_fifo.v" into library work
INFO: [VRFC 10-311] analyzing module axis_fifo
INFO: [VRFC 10-2263] Analyzing Verilog file "/home/arthur/Documents/FPGA_master_class/project_and_non_project_mode/dotProductFifoFSM/axis_fifo_tb.v" into library work
INFO: [VRFC 10-311] analyzing module axis_fifo_tb
INFO: [VRFC 10-2263] Analyzing Verilog file "/home/arthur/Documents/FPGA_master_class/project_and_non_project_mode/dotProductFifoFSM/dotProduct.v" into library work
INFO: [VRFC 10-311] analyzing module dotProduct
INFO: [VRFC 10-2263] Analyzing Verilog file "/home/arthur/Documents/FPGA_master_class/project_and_non_project_mode/dotProductFifoFSM/dotProduct_tb.v" into library work
INFO: [VRFC 10-311] analyzing module dotProduct_tb
INFO: [VRFC 10-2263] Analyzing Verilog file "/home/arthur/Documents/FPGA_master_class/project_and_non_project_mode/dotProductFifoFSM/fifo.v" into library work
INFO: [VRFC 10-311] analyzing module fifo
INFO: [VRFC 10-2263] Analyzing Verilog file "/home/arthur/Documents/FPGA_master_class/project_and_non_project_mode/dotProductFifoFSM/fifo_tb.v" into library work
INFO: [VRFC 10-311] analyzing module fifo_tb
INFO: [VRFC 10-2263] Analyzing Verilog file "/home/arthur/Documents/FPGA_master_class/project_and_non_project_mode/dotProductFifoFSM/fifo_tb1.v" into library work
INFO: [VRFC 10-311] analyzing module fifo_tb1
INFO: [VRFC 10-2263] Analyzing Verilog file "/home/arthur/Documents/FPGA_master_class/project_and_non_project_mode/dotProductFifoFSM/fsm.v" into library work
INFO: [VRFC 10-311] analyzing module fsm
INFO: [VRFC 10-2263] Analyzing Verilog file "/home/arthur/Documents/FPGA_master_class/project_and_non_project_mode/dotProductFifoFSM/mem1.v" into library work
INFO: [VRFC 10-311] analyzing module mem1
INFO: [VRFC 10-2263] Analyzing Verilog file "/home/arthur/Documents/FPGA_master_class/project_and_non_project_mode/dotProductFifoFSM/mem1_tb.v" into library work
INFO: [VRFC 10-311] analyzing module mem1_tb
INFO: [VRFC 10-2263] Analyzing Verilog file "/home/arthur/Documents/FPGA_master_class/project_and_non_project_mode/dotProductFifoFSM/mem2.v" into library work
INFO: [VRFC 10-311] analyzing module mem2
INFO: [VRFC 10-2263] Analyzing Verilog file "/home/arthur/Documents/FPGA_master_class/project_and_non_project_mode/dotProductFifoFSM/mem2_tb.v" into library work
INFO: [VRFC 10-311] analyzing module mem2_tb
INFO: [VRFC 10-2263] Analyzing Verilog file "/home/arthur/Documents/FPGA_master_class/project_and_non_project_mode/dotProductFifoFSM/mem3.v" into library work
INFO: [VRFC 10-311] analyzing module mem3
INFO: [VRFC 10-2263] Analyzing Verilog file "/home/arthur/Documents/FPGA_master_class/project_and_non_project_mode/dotProductFifoFSM/mem3_tb.v" into library work
INFO: [VRFC 10-311] analyzing module mem3_tb
INFO: [VRFC 10-2263] Analyzing Verilog file "/home/arthur/Documents/FPGA_master_class/project_and_non_project_mode/dotProductFifoFSM/mem_reader.v" into library work
INFO: [VRFC 10-311] analyzing module mem_reader
INFO: [VRFC 10-2263] Analyzing Verilog file "/home/arthur/Documents/FPGA_master_class/project_and_non_project_mode/dotProductFifoFSM/mem_reader_tb.v" into library work
INFO: [VRFC 10-311] analyzing module mem_reader_tb
INFO: [VRFC 10-2263] Analyzing Verilog file "/home/arthur/Documents/FPGA_master_class/project_and_non_project_mode/dotProductFifoFSM/mem_writer.v" into library work
INFO: [VRFC 10-311] analyzing module mem_writer
INFO: [VRFC 10-2263] Analyzing Verilog file "/home/arthur/Documents/FPGA_master_class/project_and_non_project_mode/dotProductFifoFSM/mem_writer_tb.v" into library work
INFO: [VRFC 10-311] analyzing module mem_writer_tb
INFO: [VRFC 10-2263] Analyzing Verilog file "/home/arthur/Documents/FPGA_master_class/project_and_non_project_mode/dotProductFifoFSM/top_level_wrapper.v" into library work
INFO: [VRFC 10-311] analyzing module top_level_wrapper
INFO: [VRFC 10-2263] Analyzing Verilog file "/home/arthur/Documents/FPGA_master_class/project_and_non_project_mode/dotProductFifoFSM/top_level_wrapper_tb.v" into library work
INFO: [VRFC 10-311] analyzing module top_level_wrapper_tb
