INFO: [VRFC 10-2263] Analyzing Verilog file "/home/arthur/Documents/FPGA_master_class/project_and_non_project_mode/dotProductv2/dotProduct.v" into library work
INFO: [VRFC 10-311] analyzing module dotProduct
INFO: [VRFC 10-2263] Analyzing Verilog file "/home/arthur/Documents/FPGA_master_class/project_and_non_project_mode/dotProductv2/dotProduct_tb.v" into library work
INFO: [VRFC 10-311] analyzing module dotProduct_tb
INFO: [VRFC 10-2263] Analyzing Verilog file "/home/arthur/Documents/FPGA_master_class/project_and_non_project_mode/dotProductv2/mem1.v" into library work
INFO: [VRFC 10-311] analyzing module mem1
INFO: [VRFC 10-2263] Analyzing Verilog file "/home/arthur/Documents/FPGA_master_class/project_and_non_project_mode/dotProductv2/mem1_tb.v" into library work
INFO: [VRFC 10-311] analyzing module mem1_tb
INFO: [VRFC 10-2263] Analyzing Verilog file "/home/arthur/Documents/FPGA_master_class/project_and_non_project_mode/dotProductv2/mem2.v" into library work
INFO: [VRFC 10-311] analyzing module mem2
INFO: [VRFC 10-2263] Analyzing Verilog file "/home/arthur/Documents/FPGA_master_class/project_and_non_project_mode/dotProductv2/mem2_tb.v" into library work
INFO: [VRFC 10-311] analyzing module mem2_tb
INFO: [VRFC 10-2263] Analyzing Verilog file "/home/arthur/Documents/FPGA_master_class/project_and_non_project_mode/dotProductv2/mem3.v" into library work
INFO: [VRFC 10-311] analyzing module mem3
INFO: [VRFC 10-2263] Analyzing Verilog file "/home/arthur/Documents/FPGA_master_class/project_and_non_project_mode/dotProductv2/mem3_tb.v" into library work
INFO: [VRFC 10-311] analyzing module mem3_tb
INFO: [VRFC 10-2263] Analyzing Verilog file "/home/arthur/Documents/FPGA_master_class/project_and_non_project_mode/dotProductv2/mem_reader.v" into library work
INFO: [VRFC 10-311] analyzing module mem_reader
INFO: [VRFC 10-2263] Analyzing Verilog file "/home/arthur/Documents/FPGA_master_class/project_and_non_project_mode/dotProductv2/mem_reader_tb.v" into library work
INFO: [VRFC 10-311] analyzing module mem_reader_tb
INFO: [VRFC 10-2263] Analyzing Verilog file "/home/arthur/Documents/FPGA_master_class/project_and_non_project_mode/dotProductv2/mem_writer.v" into library work
INFO: [VRFC 10-311] analyzing module mem_writer
INFO: [VRFC 10-2263] Analyzing Verilog file "/home/arthur/Documents/FPGA_master_class/project_and_non_project_mode/dotProductv2/mem_writer_tb.v" into library work
INFO: [VRFC 10-311] analyzing module mem_writer_tb
INFO: [VRFC 10-2263] Analyzing Verilog file "/home/arthur/Documents/FPGA_master_class/project_and_non_project_mode/dotProductv2/top_level_wrapper.v" into library work
INFO: [VRFC 10-311] analyzing module top_level_wrapper
INFO: [VRFC 10-2263] Analyzing Verilog file "/home/arthur/Documents/FPGA_master_class/project_and_non_project_mode/dotProductv2/top_level_wrapper_tb.v" into library work
INFO: [VRFC 10-311] analyzing module top_level_wrapper_tb
