Copyright 1986-2022 Xilinx, Inc. All Rights Reserved. Copyright 2022-2024 Advanced Micro Devices, Inc. All Rights Reserved.
---------------------------------------------------------------------------------------------------------------------------------------------
| Tool Version : Vivado v.2024.2 (lin64) Build 5239630 Fri Nov 08 22:34:34 MST 2024
| Date         : Sat Oct 11 05:16:04 2025
| Host         : arthur-nathaniel running 64-bit Ubuntu 24.04.3 LTS
| Command      : report_timing_summary -file timing_summary.rpt
| Design       : top_level_wrapper
| Device       : 7s50-csga324
| Speed File   : -1  PRODUCTION 1.23 2018-06-13
| Design State : Physopt postRoute
---------------------------------------------------------------------------------------------------------------------------------------------

Timing Summary Report

------------------------------------------------------------------------------------------------
| Timer Settings
| --------------
------------------------------------------------------------------------------------------------

  Enable Multi Corner Analysis               :  Yes
  Enable Pessimism Removal                   :  Yes
  Pessimism Removal Resolution               :  Nearest Common Node
  Enable Input Delay Default Clock           :  No
  Enable Preset / Clear Arcs                 :  No
  Disable Flight Delays                      :  No
  Ignore I/O Paths                           :  No
  Timing Early Launch at Borrowing Latches   :  No
  Borrow Time for Max Delay Exceptions       :  Yes
  Merge Timing Exceptions                    :  Yes
  Inter-SLR Compensation                     :  Conservative

  Corner  Analyze    Analyze    
  Name    Max Paths  Min Paths  
  ------  ---------  ---------  
  Slow    Yes        Yes        
  Fast    Yes        Yes        


------------------------------------------------------------------------------------------------
| Report Methodology
| ------------------
------------------------------------------------------------------------------------------------

No report available as report_methodology has not been run prior. Run report_methodology on the current design for the summary of methodology violations.



check_timing report

Table of Contents
-----------------
1. checking no_clock (0)
2. checking constant_clock (0)
3. checking pulse_width_clock (0)
4. checking unconstrained_internal_endpoints (0)
5. checking no_input_delay (84)
6. checking no_output_delay (32)
7. checking multiple_clock (0)
8. checking generated_clocks (0)
9. checking loops (0)
10. checking partial_input_delay (0)
11. checking partial_output_delay (0)
12. checking latch_loops (0)

1. checking no_clock (0)
------------------------
 There are 0 register/latch pins with no clock.


2. checking constant_clock (0)
------------------------------
 There are 0 register/latch pins with constant_clock.


3. checking pulse_width_clock (0)
---------------------------------
 There are 0 register/latch pins which need pulse_width check


4. checking unconstrained_internal_endpoints (0)
------------------------------------------------
 There are 0 pins that are not constrained for maximum delay.

 There are 0 pins that are not constrained for maximum delay due to constant clock.


5. checking no_input_delay (84)
-------------------------------
 There are 84 input ports with no input delay specified. (HIGH)

 There are 0 input ports with no input delay but user has a false path constraint.


6. checking no_output_delay (32)
--------------------------------
 There are 32 ports with no output delay specified. (HIGH)

 There are 0 ports with no output delay but user has a false path constraint

 There are 0 ports with no output delay but with a timing clock defined on it or propagating through it


7. checking multiple_clock (0)
------------------------------
 There are 0 register/latch pins with multiple clocks.


8. checking generated_clocks (0)
--------------------------------
 There are 0 generated clocks that are not connected to a clock source.


9. checking loops (0)
---------------------
 There are 0 combinational loops in the design.


10. checking partial_input_delay (0)
------------------------------------
 There are 0 input ports with partial input delay specified.


11. checking partial_output_delay (0)
-------------------------------------
 There are 0 ports with partial output delay specified.


12. checking latch_loops (0)
----------------------------
 There are 0 combinational latch loops in the design through latch input



------------------------------------------------------------------------------------------------
| Design Timing Summary
| ---------------------
------------------------------------------------------------------------------------------------

    WNS(ns)      TNS(ns)  TNS Failing Endpoints  TNS Total Endpoints      WHS(ns)      THS(ns)  THS Failing Endpoints  THS Total Endpoints     WPWS(ns)     TPWS(ns)  TPWS Failing Endpoints  TPWS Total Endpoints  
    -------      -------  ---------------------  -------------------      -------      -------  ---------------------  -------------------     --------     --------  ----------------------  --------------------  
      0.011        0.000                      0                  917        0.121        0.000                      0                  917        1.700        0.000                       0                   386  


All user specified timing constraints are met.


------------------------------------------------------------------------------------------------
| Clock Summary
| -------------
------------------------------------------------------------------------------------------------

Clock  Waveform(ns)         Period(ns)      Frequency(MHz)
-----  ------------         ----------      --------------
clk    {0.000 2.950}        5.900           169.492         


------------------------------------------------------------------------------------------------
| Intra Clock Table
| -----------------
------------------------------------------------------------------------------------------------

Clock             WNS(ns)      TNS(ns)  TNS Failing Endpoints  TNS Total Endpoints      WHS(ns)      THS(ns)  THS Failing Endpoints  THS Total Endpoints     WPWS(ns)     TPWS(ns)  TPWS Failing Endpoints  TPWS Total Endpoints  
-----             -------      -------  ---------------------  -------------------      -------      -------  ---------------------  -------------------     --------     --------  ----------------------  --------------------  
clk                 0.011        0.000                      0                  917        0.121        0.000                      0                  917        1.700        0.000                       0                   386  


------------------------------------------------------------------------------------------------
| Inter Clock Table
| -----------------
------------------------------------------------------------------------------------------------

From Clock    To Clock          WNS(ns)      TNS(ns)  TNS Failing Endpoints  TNS Total Endpoints      WHS(ns)      THS(ns)  THS Failing Endpoints  THS Total Endpoints  
----------    --------          -------      -------  ---------------------  -------------------      -------      -------  ---------------------  -------------------  


------------------------------------------------------------------------------------------------
| Other Path Groups Table
| -----------------------
------------------------------------------------------------------------------------------------

Path Group    From Clock    To Clock          WNS(ns)      TNS(ns)  TNS Failing Endpoints  TNS Total Endpoints      WHS(ns)      THS(ns)  THS Failing Endpoints  THS Total Endpoints  
----------    ----------    --------          -------      -------  ---------------------  -------------------      -------      -------  ---------------------  -------------------  


------------------------------------------------------------------------------------------------
| Timing Details
| --------------
------------------------------------------------------------------------------------------------


---------------------------------------------------------------------------------------------------
From Clock:  clk
  To Clock:  clk

Setup :            0  Failing Endpoints,  Worst Slack        0.011ns,  Total Violation        0.000ns
Hold  :            0  Failing Endpoints,  Worst Slack        0.121ns,  Total Violation        0.000ns
PW    :            0  Failing Endpoints,  Worst Slack        1.700ns,  Total Violation        0.000ns
---------------------------------------------------------------------------------------------------


Max Delay Paths
--------------------------------------------------------------------------------------
Slack (MET) :             0.011ns  (required time - arrival time)
  Source:                 u_dotProduct/genblk1[3].mem1_vec_reg[3][0]/C
                            (rising edge-triggered cell FDRE clocked by clk  {rise@0.000ns fall@2.950ns period=5.900ns})
  Destination:            u_dotProduct/genblk2[3].products_reg[3][15]/D
                            (rising edge-triggered cell FDRE clocked by clk  {rise@0.000ns fall@2.950ns period=5.900ns})
  Path Group:             clk
  Path Type:              Setup (Max at Slow Process Corner)
  Requirement:            5.900ns  (clk rise@5.900ns - clk rise@0.000ns)
  Data Path Delay:        5.943ns  (logic 2.637ns (44.369%)  route 3.306ns (55.631%))
  Logic Levels:           9  (CARRY4=6 LUT4=3)
  Clock Path Skew:        0.028ns (DCD - SCD + CPR)
    Destination Clock Delay (DCD):    4.278ns = ( 10.178 - 5.900 ) 
    Source Clock Delay      (SCD):    4.572ns
    Clock Pessimism Removal (CPR):    0.322ns
  Clock Uncertainty:      0.035ns  ((TSJ^2 + TIJ^2)^1/2 + DJ) / 2 + PE
    Total System Jitter     (TSJ):    0.071ns
    Total Input Jitter      (TIJ):    0.000ns
    Discrete Jitter          (DJ):    0.000ns
    Phase Error              (PE):    0.000ns

    Location             Delay type                Incr(ns)  Path(ns)    Netlist Resource(s)
  -------------------------------------------------------------------    -------------------
                         (clock clk rise edge)        0.000     0.000 r  
    P14                                               0.000     0.000 r  clk (IN)
                         net (fo=0)                   0.000     0.000    clk
    P14                  IBUF (Prop_ibuf_I_O)         0.937     0.937 r  clk_IBUF_inst/O
                         net (fo=1, routed)           1.972     2.909    clk_IBUF
    BUFGCTRL_X0Y0        BUFG (Prop_bufg_I_O)         0.096     3.005 r  clk_IBUF_BUFG_inst/O
                         net (fo=385, routed)         1.567     4.572    u_dotProduct/clk
    SLICE_X8Y10          FDRE                                         r  u_dotProduct/genblk1[3].mem1_vec_reg[3][0]/C
  -------------------------------------------------------------------    -------------------
    SLICE_X8Y10          FDRE (Prop_fdre_C_Q)         0.518     5.090 r  u_dotProduct/genblk1[3].mem1_vec_reg[3][0]/Q
                         net (fo=14, routed)          1.192     6.283    u_dotProduct/genblk1[3].mem1_vec_reg_n_0_[3][0]
    SLICE_X6Y13          LUT4 (Prop_lut4_I3_O)        0.124     6.407 r  u_dotProduct/genblk2[3].products[3][2]_i_3/O
                         net (fo=1, routed)           0.520     6.927    u_dotProduct/genblk2[3].products[3][2]_i_3_n_0
    SLICE_X7Y11          CARRY4 (Prop_carry4_DI[2]_CO[3])
                                                      0.398     7.325 r  u_dotProduct/genblk2[3].products_reg[3][2]_i_1/CO[3]
                         net (fo=1, routed)           0.000     7.325    u_dotProduct/genblk2[3].products_reg[3][2]_i_1_n_0
    SLICE_X7Y12          CARRY4 (Prop_carry4_CI_CO[3])
                                                      0.114     7.439 r  u_dotProduct/genblk2[3].products_reg[3][6]_i_3/CO[3]
                         net (fo=1, routed)           0.000     7.439    u_dotProduct/genblk2[3].products_reg[3][6]_i_3_n_0
    SLICE_X7Y13          CARRY4 (Prop_carry4_CI_O[1])
                                                      0.334     7.773 r  u_dotProduct/genblk2[3].products_reg[3][14]_i_21/O[1]
                         net (fo=2, routed)           0.450     8.223    u_dotProduct/genblk2[3].products_reg[3][14]_i_21_n_6
    SLICE_X5Y13          LUT4 (Prop_lut4_I3_O)        0.303     8.526 f  u_dotProduct/genblk2[3].products[3][10]_i_10/O
                         net (fo=3, routed)           0.719     9.245    u_dotProduct/genblk2[3].products[3][10]_i_10_n_0
    SLICE_X9Y8           LUT4 (Prop_lut4_I2_O)        0.124     9.369 r  u_dotProduct/genblk2[3].products[3][10]_i_2/O
                         net (fo=1, routed)           0.425     9.794    u_dotProduct/genblk2[3].products[3][10]_i_2_n_0
    SLICE_X7Y8           CARRY4 (Prop_carry4_DI[3]_CO[3])
                                                      0.385    10.179 r  u_dotProduct/genblk2[3].products_reg[3][10]_i_1/CO[3]
                         net (fo=1, routed)           0.000    10.179    u_dotProduct/genblk2[3].products_reg[3][10]_i_1_n_0
    SLICE_X7Y9           CARRY4 (Prop_carry4_CI_CO[3])
                                                      0.114    10.293 r  u_dotProduct/genblk2[3].products_reg[3][14]_i_1/CO[3]
                         net (fo=1, routed)           0.000    10.293    u_dotProduct/genblk2[3].products_reg[3][14]_i_1_n_0
    SLICE_X7Y10          CARRY4 (Prop_carry4_CI_O[0])
                                                      0.223    10.516 r  u_dotProduct/genblk2[3].products_reg[3][15]_i_1/O[0]
                         net (fo=1, routed)           0.000    10.516    u_dotProduct/genblk2[3].products_reg[3][15]_i_1_n_7
    SLICE_X7Y10          FDRE                                         r  u_dotProduct/genblk2[3].products_reg[3][15]/D
  -------------------------------------------------------------------    -------------------

                         (clock clk rise edge)        5.900     5.900 r  
    P14                                               0.000     5.900 r  clk (IN)
                         net (fo=0)                   0.000     5.900    clk
    P14                  IBUF (Prop_ibuf_I_O)         0.804     6.704 r  clk_IBUF_inst/O
                         net (fo=1, routed)           1.868     8.572    clk_IBUF
    BUFGCTRL_X0Y0        BUFG (Prop_bufg_I_O)         0.091     8.663 r  clk_IBUF_BUFG_inst/O
                         net (fo=385, routed)         1.515    10.178    u_dotProduct/clk
    SLICE_X7Y10          FDRE                                         r  u_dotProduct/genblk2[3].products_reg[3][15]/C
                         clock pessimism              0.322    10.500    
                         clock uncertainty           -0.035    10.465    
    SLICE_X7Y10          FDRE (Setup_fdre_C_D)        0.062    10.527    u_dotProduct/genblk2[3].products_reg[3][15]
  -------------------------------------------------------------------
                         required time                         10.527    
                         arrival time                         -10.516    
  -------------------------------------------------------------------
                         slack                                  0.011    





Min Delay Paths
--------------------------------------------------------------------------------------
Slack (MET) :             0.121ns  (arrival time - required time)
  Source:                 fifo2/wr_ptr_reg[0]/C
                            (rising edge-triggered cell FDRE clocked by clk  {rise@0.000ns fall@2.950ns period=5.900ns})
  Destination:            fifo2/mem_reg_0_7_18_23/RAMA/WADR0
                            (rising edge-triggered cell RAMD32 clocked by clk  {rise@0.000ns fall@2.950ns period=5.900ns})
  Path Group:             clk
  Path Type:              Hold (Min at Fast Process Corner)
  Requirement:            0.000ns  (clk rise@0.000ns - clk rise@0.000ns)
  Data Path Delay:        0.446ns  (logic 0.141ns (31.585%)  route 0.305ns (68.415%))
  Logic Levels:           0  
  Clock Path Skew:        0.015ns (DCD - SCD - CPR)
    Destination Clock Delay (DCD):    1.936ns
    Source Clock Delay      (SCD):    1.420ns
    Clock Pessimism Removal (CPR):    0.501ns

    Location             Delay type                Incr(ns)  Path(ns)    Netlist Resource(s)
  -------------------------------------------------------------------    -------------------
                         (clock clk rise edge)        0.000     0.000 r  
    P14                                               0.000     0.000 r  clk (IN)
                         net (fo=0)                   0.000     0.000    clk
    P14                  IBUF (Prop_ibuf_I_O)         0.166     0.166 r  clk_IBUF_inst/O
                         net (fo=1, routed)           0.634     0.801    clk_IBUF
    BUFGCTRL_X0Y0        BUFG (Prop_bufg_I_O)         0.026     0.827 r  clk_IBUF_BUFG_inst/O
                         net (fo=385, routed)         0.594     1.420    fifo2/clk
    SLICE_X7Y2           FDRE                                         r  fifo2/wr_ptr_reg[0]/C
  -------------------------------------------------------------------    -------------------
    SLICE_X7Y2           FDRE (Prop_fdre_C_Q)         0.141     1.561 r  fifo2/wr_ptr_reg[0]/Q
                         net (fo=51, routed)          0.305     1.867    fifo2/mem_reg_0_7_18_23/ADDRD0
    SLICE_X6Y3           RAMD32                                       r  fifo2/mem_reg_0_7_18_23/RAMA/WADR0
  -------------------------------------------------------------------    -------------------

                         (clock clk rise edge)        0.000     0.000 r  
    P14                                               0.000     0.000 r  clk (IN)
                         net (fo=0)                   0.000     0.000    clk
    P14                  IBUF (Prop_ibuf_I_O)         0.355     0.355 r  clk_IBUF_inst/O
                         net (fo=1, routed)           0.689     1.044    clk_IBUF
    BUFGCTRL_X0Y0        BUFG (Prop_bufg_I_O)         0.029     1.073 r  clk_IBUF_BUFG_inst/O
                         net (fo=385, routed)         0.864     1.936    fifo2/mem_reg_0_7_18_23/WCLK
    SLICE_X6Y3           RAMD32                                       r  fifo2/mem_reg_0_7_18_23/RAMA/CLK
                         clock pessimism             -0.501     1.435    
    SLICE_X6Y3           RAMD32 (Hold_ramd32_CLK_WADR0)
                                                      0.310     1.745    fifo2/mem_reg_0_7_18_23/RAMA
  -------------------------------------------------------------------
                         required time                         -1.745    
                         arrival time                           1.867    
  -------------------------------------------------------------------
                         slack                                  0.121    





Pulse Width Checks
--------------------------------------------------------------------------------------
Clock Name:         clk
Waveform(ns):       { 0.000 2.950 }
Period(ns):         5.900
Sources:            { clk }

Check Type        Corner  Lib Pin             Reference Pin  Required(ns)  Actual(ns)  Slack(ns)  Location     Pin
Min Period        n/a     RAMB18E1/CLKARDCLK  n/a            2.944         5.900       2.956      RAMB18_X0Y2  u_mem1/mem_reg/CLKARDCLK
Low Pulse Width   Slow    RAMD32/CLK          n/a            1.250         2.950       1.700      SLICE_X8Y6   fifo1/mem_reg_0_7_0_5/RAMA/CLK
High Pulse Width  Slow    RAMD32/CLK          n/a            1.250         2.950       1.700      SLICE_X8Y6   fifo1/mem_reg_0_7_0_5/RAMA/CLK



